0:0:0:0:0:0:0:1 - - [09/Apr/2015:17:15:33 +0900] "GET / HTTP/1.1" 200 -
0:0:0:0:0:0:0:1 - - [09/Apr/2015:17:15:33 +0900] "GET / HTTP/1.1" 200 14123
0:0:0:0:0:0:0:1 - - [09/Apr/2015:17:15:33 +0900] "GET /styles/fd48d1e6.vendor.css HTTP/1.1" 200 85107
0:0:0:0:0:0:0:1 - - [09/Apr/2015:17:15:33 +0900] "GET /styles/99a934f5.main.css HTTP/1.1" 200 110829
0:0:0:0:0:0:0:1 - - [09/Apr/2015:17:15:33 +0900] "GET /images/96aacb9c.se.svg HTTP/1.1" 200 186
0:0:0:0:0:0:0:1 - - [09/Apr/2015:17:15:33 +0900] "GET /scripts/c175292a.vendor.js HTTP/1.1" 200 743559
0:0:0:0:0:0:0:1 - - [09/Apr/2015:17:15:33 +0900] "GET /scripts/1e0f5e8a.main.js HTTP/1.1" 200 5783
0:0:0:0:0:0:0:1 - - [09/Apr/2015:17:15:33 +0900] "GET /images/e13aa300.gb.svg HTTP/1.1" 200 487
0:0:0:0:0:0:0:1 - - [09/Apr/2015:17:15:33 +0900] "GET /images/ef48477c.jag.png HTTP/1.1" 200 711251
0:0:0:0:0:0:0:1 - - [09/Apr/2015:17:15:33 +0900] "GET /images/d9dc2086.mimswell.png HTTP/1.1" 200 186276
0:0:0:0:0:0:0:1 - - [09/Apr/2015:17:15:33 +0900] "GET /images/9847c938.flyttfint.png HTTP/1.1" 200 202911
0:0:0:0:0:0:0:1 - - [09/Apr/2015:17:15:33 +0900] "GET /images/3fcd464b.backlogtool.png HTTP/1.1" 200 3705
0:0:0:0:0:0:0:1 - - [09/Apr/2015:17:15:33 +0900] "GET /images/a817f6f5.speech.svg HTTP/1.1" 200 669
0:0:0:0:0:0:0:1 - - [09/Apr/2015:17:15:33 +0900] "GET /images/aecb252c.ruler.svg HTTP/1.1" 200 1899
0:0:0:0:0:0:0:1 - - [09/Apr/2015:17:15:33 +0900] "GET /images/efb003a7.arrow.svg HTTP/1.1" 200 575
0:0:0:0:0:0:0:1 - - [09/Apr/2015:17:15:33 +0900] "GET /images/50d70f13.checkbox.svg HTTP/1.1" 200 310
0:0:0:0:0:0:0:1 - - [09/Apr/2015:17:15:34 +0900] "GET /fonts/fontawesome-webfont.woff2?v=4.3.0 HTTP/1.1" 200 56780
0:0:0:0:0:0:0:1 - - [09/Apr/2015:17:15:34 +0900] "GET /bower_components/bootstrap-sass-official/assets/fonts/bootstrap/glyphicons-halflings-regular.woff HTTP/1.1" 200 23320
0:0:0:0:0:0:0:1 - - [09/Apr/2015:17:15:34 +0900] "GET /assets/world-countries.json HTTP/1.1" 200 256932
0:0:0:0:0:0:0:1 - - [09/Apr/2015:17:15:34 +0900] "GET /assets/lang/locale-en_US.json HTTP/1.1" 200 3749
0:0:0:0:0:0:0:1 - - [09/Apr/2015:17:15:34 +0900] "GET /images/d8ed1012.download_en.svg HTTP/1.1" 200 1493
0:0:0:0:0:0:0:1 - - [09/Apr/2015:17:15:34 +0900] "GET /08a427e4.favicon.ico?v=3 HTTP/1.1" 200 6595
0:0:0:0:0:0:0:1 - - [09/Apr/2015:17:15:39 +0900] "GET /allmarks HTTP/1.1" 200 3215
0:0:0:0:0:0:0:1 - - [09/Apr/2015:17:15:47 +0900] "GET /marksbycountry?country=Russia HTTP/1.1" 200 243
0:0:0:0:0:0:0:1 - - [09/Apr/2015:17:15:51 +0900] "GET /marksbycountry?country=South+Korea HTTP/1.1" 200 2499
0:0:0:0:0:0:0:1 - - [09/Apr/2015:17:15:58 +0900] "GET /marksbycountry?country=United+States HTTP/1.1" 200 194
0:0:0:0:0:0:0:1 - - [09/Apr/2015:17:16:01 +0900] "GET /marksbycountry?country=Sweden HTTP/1.1" 200 316
0:0:0:0:0:0:0:1 - - [09/Apr/2015:17:16:18 +0900] "GET /assets/lang/locale-sv_SE.json HTTP/1.1" 200 3914
0:0:0:0:0:0:0:1 - - [09/Apr/2015:17:16:18 +0900] "GET /images/4132b4eb.download_sv.svg HTTP/1.1" 200 1497
0:0:0:0:0:0:0:1 - - [09/Apr/2015:17:18:12 +0900] "GET /marksbycountry?country=Sweden HTTP/1.1" 200 316
0:0:0:0:0:0:0:1 - - [09/Apr/2015:17:18:13 +0900] "GET /marksbycountry?country=Russia HTTP/1.1" 200 243
0:0:0:0:0:0:0:1 - - [09/Apr/2015:17:18:32 +0900] "GET / HTTP/1.1" 304 -
0:0:0:0:0:0:0:1 - - [09/Apr/2015:17:18:32 +0900] "GET /styles/fd48d1e6.vendor.css HTTP/1.1" 304 -
0:0:0:0:0:0:0:1 - - [09/Apr/2015:17:18:32 +0900] "GET /styles/99a934f5.main.css HTTP/1.1" 304 -
0:0:0:0:0:0:0:1 - - [09/Apr/2015:17:18:32 +0900] "GET /images/96aacb9c.se.svg HTTP/1.1" 304 -
0:0:0:0:0:0:0:1 - - [09/Apr/2015:17:18:32 +0900] "GET /scripts/c175292a.vendor.js HTTP/1.1" 304 -
0:0:0:0:0:0:0:1 - - [09/Apr/2015:17:18:32 +0900] "GET /scripts/1e0f5e8a.main.js HTTP/1.1" 304 -
0:0:0:0:0:0:0:1 - - [09/Apr/2015:17:18:32 +0900] "GET /images/e13aa300.gb.svg HTTP/1.1" 304 -
0:0:0:0:0:0:0:1 - - [09/Apr/2015:17:18:32 +0900] "GET /images/ef48477c.jag.png HTTP/1.1" 304 -
0:0:0:0:0:0:0:1 - - [09/Apr/2015:17:18:32 +0900] "GET /images/d9dc2086.mimswell.png HTTP/1.1" 304 -
0:0:0:0:0:0:0:1 - - [09/Apr/2015:17:18:32 +0900] "GET /fonts/fontawesome-webfont.woff2?v=4.3.0 HTTP/1.1" 304 -
0:0:0:0:0:0:0:1 - - [09/Apr/2015:17:18:32 +0900] "GET /images/9847c938.flyttfint.png HTTP/1.1" 304 -
0:0:0:0:0:0:0:1 - - [09/Apr/2015:17:18:32 +0900] "GET /bower_components/bootstrap-sass-official/assets/fonts/bootstrap/glyphicons-halflings-regular.woff HTTP/1.1" 304 -
0:0:0:0:0:0:0:1 - - [09/Apr/2015:17:18:32 +0900] "GET /images/3fcd464b.backlogtool.png HTTP/1.1" 304 -
0:0:0:0:0:0:0:1 - - [09/Apr/2015:17:18:32 +0900] "GET /images/a817f6f5.speech.svg HTTP/1.1" 304 -
0:0:0:0:0:0:0:1 - - [09/Apr/2015:17:18:32 +0900] "GET /images/aecb252c.ruler.svg HTTP/1.1" 304 -
0:0:0:0:0:0:0:1 - - [09/Apr/2015:17:18:32 +0900] "GET /images/50d70f13.checkbox.svg HTTP/1.1" 304 -
0:0:0:0:0:0:0:1 - - [09/Apr/2015:17:18:32 +0900] "GET /images/efb003a7.arrow.svg HTTP/1.1" 304 -
0:0:0:0:0:0:0:1 - - [09/Apr/2015:17:18:32 +0900] "GET /assets/world-countries.json HTTP/1.1" 304 -
0:0:0:0:0:0:0:1 - - [09/Apr/2015:17:18:32 +0900] "GET /assets/lang/locale-en_US.json HTTP/1.1" 304 -
0:0:0:0:0:0:0:1 - - [09/Apr/2015:17:18:33 +0900] "GET /images/d8ed1012.download_en.svg HTTP/1.1" 304 -
0:0:0:0:0:0:0:1 - - [09/Apr/2015:17:18:34 +0900] "GET /allmarks HTTP/1.1" 200 3215
0:0:0:0:0:0:0:1 - - [09/Apr/2015:18:05:20 +0900] "GET / HTTP/1.1" 200 14053
0:0:0:0:0:0:0:1 - - [09/Apr/2015:18:05:20 +0900] "GET / HTTP/1.1" 200 14053
0:0:0:0:0:0:0:1 - - [09/Apr/2015:18:05:20 +0900] "GET /styles/fd48d1e6.vendor.css HTTP/1.1" 200 85107
0:0:0:0:0:0:0:1 - - [09/Apr/2015:18:05:20 +0900] "GET /styles/55a5a146.main.css HTTP/1.1" 200 110840
0:0:0:0:0:0:0:1 - - [09/Apr/2015:18:05:20 +0900] "GET /images/96aacb9c.se.svg HTTP/1.1" 200 186
0:0:0:0:0:0:0:1 - - [09/Apr/2015:18:05:20 +0900] "GET /scripts/a8e7e295.main.js HTTP/1.1" 200 5439
0:0:0:0:0:0:0:1 - - [09/Apr/2015:18:05:20 +0900] "GET /images/e13aa300.gb.svg HTTP/1.1" 200 487
0:0:0:0:0:0:0:1 - - [09/Apr/2015:18:05:20 +0900] "GET /images/d9dc2086.mimswell.png HTTP/1.1" 200 186276
0:0:0:0:0:0:0:1 - - [09/Apr/2015:18:05:20 +0900] "GET /images/3fcd464b.backlogtool.png HTTP/1.1" 200 3705
0:0:0:0:0:0:0:1 - - [09/Apr/2015:18:05:20 +0900] "GET /images/a817f6f5.speech.svg HTTP/1.1" 200 669
0:0:0:0:0:0:0:1 - - [09/Apr/2015:18:05:20 +0900] "GET /images/9847c938.flyttfint.png HTTP/1.1" 200 202911
0:0:0:0:0:0:0:1 - - [09/Apr/2015:18:05:20 +0900] "GET /images/ef48477c.jag.png HTTP/1.1" 200 711251
0:0:0:0:0:0:0:1 - - [09/Apr/2015:18:05:20 +0900] "GET /scripts/c175292a.vendor.js HTTP/1.1" 200 743559
0:0:0:0:0:0:0:1 - - [09/Apr/2015:18:05:20 +0900] "GET /images/aecb252c.ruler.svg HTTP/1.1" 200 1899
0:0:0:0:0:0:0:1 - - [09/Apr/2015:18:05:20 +0900] "GET /images/efb003a7.arrow.svg HTTP/1.1" 200 575
0:0:0:0:0:0:0:1 - - [09/Apr/2015:18:05:20 +0900] "GET /images/50d70f13.checkbox.svg HTTP/1.1" 200 310
0:0:0:0:0:0:0:1 - - [09/Apr/2015:18:05:20 +0900] "GET /fonts/fontawesome-webfont.woff2?v=4.3.0 HTTP/1.1" 200 56780
0:0:0:0:0:0:0:1 - - [09/Apr/2015:18:05:20 +0900] "GET /bower_components/bootstrap-sass-official/assets/fonts/bootstrap/glyphicons-halflings-regular.woff HTTP/1.1" 200 23320
0:0:0:0:0:0:0:1 - - [09/Apr/2015:18:05:21 +0900] "GET /assets/world-countries.json HTTP/1.1" 200 256932
0:0:0:0:0:0:0:1 - - [09/Apr/2015:18:05:21 +0900] "GET /assets/lang/locale-en_US.json HTTP/1.1" 200 3757
0:0:0:0:0:0:0:1 - - [09/Apr/2015:18:05:21 +0900] "GET /images/d8ed1012.download_en.svg HTTP/1.1" 200 1493
0:0:0:0:0:0:0:1 - - [09/Apr/2015:18:05:28 +0900] "GET /allmarks HTTP/1.1" 200 3215
0:0:0:0:0:0:0:1 - - [09/Apr/2015:18:05:38 +0900] "GET /marksbycountry?country=Russia HTTP/1.1" 200 243
0:0:0:0:0:0:0:1 - - [09/Apr/2015:18:05:41 +0900] "GET /marksbycountry?country=South+Korea HTTP/1.1" 200 2499
0:0:0:0:0:0:0:1 - - [09/Apr/2015:18:05:43 +0900] "GET /marksbycountry?country=Sweden HTTP/1.1" 200 316
0:0:0:0:0:0:0:1 - - [09/Apr/2015:18:05:45 +0900] "GET /marksbycountry?country=United+States HTTP/1.1" 200 194
0:0:0:0:0:0:0:1 - - [09/Apr/2015:18:06:00 +0900] "GET / HTTP/1.1" 304 -
0:0:0:0:0:0:0:1 - - [09/Apr/2015:18:06:00 +0900] "GET /styles/fd48d1e6.vendor.css HTTP/1.1" 304 -
0:0:0:0:0:0:0:1 - - [09/Apr/2015:18:06:00 +0900] "GET /styles/55a5a146.main.css HTTP/1.1" 304 -
0:0:0:0:0:0:0:1 - - [09/Apr/2015:18:06:00 +0900] "GET /images/96aacb9c.se.svg HTTP/1.1" 304 -
0:0:0:0:0:0:0:1 - - [09/Apr/2015:18:06:00 +0900] "GET /scripts/c175292a.vendor.js HTTP/1.1" 304 -
0:0:0:0:0:0:0:1 - - [09/Apr/2015:18:06:00 +0900] "GET /scripts/a8e7e295.main.js HTTP/1.1" 304 -
0:0:0:0:0:0:0:1 - - [09/Apr/2015:18:06:00 +0900] "GET /images/ef48477c.jag.png HTTP/1.1" 304 -
0:0:0:0:0:0:0:1 - - [09/Apr/2015:18:06:00 +0900] "GET /images/e13aa300.gb.svg HTTP/1.1" 304 -
0:0:0:0:0:0:0:1 - - [09/Apr/2015:18:06:00 +0900] "GET /images/d9dc2086.mimswell.png HTTP/1.1" 304 -
0:0:0:0:0:0:0:1 - - [09/Apr/2015:18:06:00 +0900] "GET /images/9847c938.flyttfint.png HTTP/1.1" 304 -
0:0:0:0:0:0:0:1 - - [09/Apr/2015:18:06:00 +0900] "GET /images/3fcd464b.backlogtool.png HTTP/1.1" 304 -
0:0:0:0:0:0:0:1 - - [09/Apr/2015:18:06:00 +0900] "GET /images/a817f6f5.speech.svg HTTP/1.1" 304 -
0:0:0:0:0:0:0:1 - - [09/Apr/2015:18:06:00 +0900] "GET /images/aecb252c.ruler.svg HTTP/1.1" 304 -
0:0:0:0:0:0:0:1 - - [09/Apr/2015:18:06:00 +0900] "GET /bower_components/bootstrap-sass-official/assets/fonts/bootstrap/glyphicons-halflings-regular.woff HTTP/1.1" 304 -
0:0:0:0:0:0:0:1 - - [09/Apr/2015:18:06:00 +0900] "GET /images/50d70f13.checkbox.svg HTTP/1.1" 304 -
0:0:0:0:0:0:0:1 - - [09/Apr/2015:18:06:00 +0900] "GET /images/efb003a7.arrow.svg HTTP/1.1" 304 -
0:0:0:0:0:0:0:1 - - [09/Apr/2015:18:06:01 +0900] "GET /assets/world-countries.json HTTP/1.1" 304 -
0:0:0:0:0:0:0:1 - - [09/Apr/2015:18:06:01 +0900] "GET /assets/lang/locale-en_US.json HTTP/1.1" 304 -
0:0:0:0:0:0:0:1 - - [09/Apr/2015:18:06:01 +0900] "GET /images/d8ed1012.download_en.svg HTTP/1.1" 304 -
0:0:0:0:0:0:0:1 - - [09/Apr/2015:18:06:03 +0900] "GET /allmarks HTTP/1.1" 200 3215
0:0:0:0:0:0:0:1 - - [09/Apr/2015:18:06:13 +0900] "POST /mark?country=South+Korea&lat=37.4837572&long=126.95101199999999&message=Testing+a+bit! HTTP/1.1" 200 137
0:0:0:0:0:0:0:1 - - [09/Apr/2015:18:06:28 +0900] "GET /marksbycountry?country=South+Korea HTTP/1.1" 200 2626
0:0:0:0:0:0:0:1 - - [09/Apr/2015:18:27:43 +0900] "GET / HTTP/1.1" 200 14053
0:0:0:0:0:0:0:1 - - [09/Apr/2015:18:27:43 +0900] "GET / HTTP/1.1" 200 -
0:0:0:0:0:0:0:1 - - [09/Apr/2015:18:27:43 +0900] "GET /styles/fd48d1e6.vendor.css HTTP/1.1" 200 85107
0:0:0:0:0:0:0:1 - - [09/Apr/2015:18:27:43 +0900] "GET /images/96aacb9c.se.svg HTTP/1.1" 200 186
0:0:0:0:0:0:0:1 - - [09/Apr/2015:18:27:43 +0900] "GET /scripts/3b0932b8.main.js HTTP/1.1" 200 5362
0:0:0:0:0:0:0:1 - - [09/Apr/2015:18:27:43 +0900] "GET /styles/55a5a146.main.css HTTP/1.1" 200 110840
0:0:0:0:0:0:0:1 - - [09/Apr/2015:18:27:43 +0900] "GET /scripts/c175292a.vendor.js HTTP/1.1" 200 743559
0:0:0:0:0:0:0:1 - - [09/Apr/2015:18:27:43 +0900] "GET /images/e13aa300.gb.svg HTTP/1.1" 200 487
0:0:0:0:0:0:0:1 - - [09/Apr/2015:18:27:43 +0900] "GET /images/d9dc2086.mimswell.png HTTP/1.1" 200 186276
0:0:0:0:0:0:0:1 - - [09/Apr/2015:18:27:43 +0900] "GET /images/a817f6f5.speech.svg HTTP/1.1" 200 669
0:0:0:0:0:0:0:1 - - [09/Apr/2015:18:27:43 +0900] "GET /images/9847c938.flyttfint.png HTTP/1.1" 200 202911
0:0:0:0:0:0:0:1 - - [09/Apr/2015:18:27:43 +0900] "GET /images/3fcd464b.backlogtool.png HTTP/1.1" 200 3705
0:0:0:0:0:0:0:1 - - [09/Apr/2015:18:27:43 +0900] "GET /fonts/fontawesome-webfont.woff2?v=4.3.0 HTTP/1.1" 200 56780
0:0:0:0:0:0:0:1 - - [09/Apr/2015:18:27:43 +0900] "GET /bower_components/bootstrap-sass-official/assets/fonts/bootstrap/glyphicons-halflings-regular.woff HTTP/1.1" 200 23320
0:0:0:0:0:0:0:1 - - [09/Apr/2015:18:27:43 +0900] "GET /images/aecb252c.ruler.svg HTTP/1.1" 200 1899
0:0:0:0:0:0:0:1 - - [09/Apr/2015:18:27:43 +0900] "GET /images/ef48477c.jag.png HTTP/1.1" 200 711251
0:0:0:0:0:0:0:1 - - [09/Apr/2015:18:27:43 +0900] "GET /images/efb003a7.arrow.svg HTTP/1.1" 200 575
0:0:0:0:0:0:0:1 - - [09/Apr/2015:18:27:43 +0900] "GET /images/50d70f13.checkbox.svg HTTP/1.1" 200 310
0:0:0:0:0:0:0:1 - - [09/Apr/2015:18:27:44 +0900] "GET /assets/world-countries.json HTTP/1.1" 200 256932
0:0:0:0:0:0:0:1 - - [09/Apr/2015:18:27:44 +0900] "GET /assets/lang/locale-en_US.json HTTP/1.1" 200 3757
0:0:0:0:0:0:0:1 - - [09/Apr/2015:18:27:44 +0900] "GET /images/d8ed1012.download_en.svg HTTP/1.1" 200 1493
0:0:0:0:0:0:0:1 - - [09/Apr/2015:18:27:52 +0900] "GET /allmarks HTTP/1.1" 200 3342
0:0:0:0:0:0:0:1 - - [09/Apr/2015:18:27:56 +0900] "GET /marksbycountry?country=Russia HTTP/1.1" 200 243
0:0:0:0:0:0:0:1 - - [09/Apr/2015:18:28:11 +0900] "POST /mark?country=South+Korea&lat=37.4837647&long=126.9510838&message=Hejsan+hoppas+allt+%C3%A4r+bra! HTTP/1.1" 200 143
0:0:0:0:0:0:0:1 - - [09/Apr/2015:18:28:22 +0900] "GET /marksbycountry?country=South+Korea HTTP/1.1" 200 2759
0:0:0:0:0:0:0:1 - - [09/Apr/2015:18:34:16 +0900] "GET / HTTP/1.1" 200 14053
0:0:0:0:0:0:0:1 - - [09/Apr/2015:18:34:16 +0900] "GET /styles/fd48d1e6.vendor.css HTTP/1.1" 200 85107
0:0:0:0:0:0:0:1 - - [09/Apr/2015:18:34:16 +0900] "GET /styles/55a5a146.main.css HTTP/1.1" 200 110840
0:0:0:0:0:0:0:1 - - [09/Apr/2015:18:34:16 +0900] "GET /images/96aacb9c.se.svg HTTP/1.1" 200 186
0:0:0:0:0:0:0:1 - - [09/Apr/2015:18:34:16 +0900] "GET /scripts/f3c68c08.main.js HTTP/1.1" 200 5328
0:0:0:0:0:0:0:1 - - [09/Apr/2015:18:34:16 +0900] "GET /scripts/c175292a.vendor.js HTTP/1.1" 200 743559
0:0:0:0:0:0:0:1 - - [09/Apr/2015:18:34:16 +0900] "GET /images/e13aa300.gb.svg HTTP/1.1" 200 487
0:0:0:0:0:0:0:1 - - [09/Apr/2015:18:34:16 +0900] "GET /images/d9dc2086.mimswell.png HTTP/1.1" 200 186276
0:0:0:0:0:0:0:1 - - [09/Apr/2015:18:34:16 +0900] "GET /images/9847c938.flyttfint.png HTTP/1.1" 200 202911
0:0:0:0:0:0:0:1 - - [09/Apr/2015:18:34:16 +0900] "GET /images/ef48477c.jag.png HTTP/1.1" 200 711251
0:0:0:0:0:0:0:1 - - [09/Apr/2015:18:34:16 +0900] "GET /bower_components/bootstrap-sass-official/assets/fonts/bootstrap/glyphicons-halflings-regular.woff HTTP/1.1" 200 23320
0:0:0:0:0:0:0:1 - - [09/Apr/2015:18:34:16 +0900] "GET /images/aecb252c.ruler.svg HTTP/1.1" 200 1899
0:0:0:0:0:0:0:1 - - [09/Apr/2015:18:34:16 +0900] "GET /images/3fcd464b.backlogtool.png HTTP/1.1" 200 3705
0:0:0:0:0:0:0:1 - - [09/Apr/2015:18:34:16 +0900] "GET /images/a817f6f5.speech.svg HTTP/1.1" 200 669
0:0:0:0:0:0:0:1 - - [09/Apr/2015:18:34:16 +0900] "GET /fonts/fontawesome-webfont.woff2?v=4.3.0 HTTP/1.1" 200 56780
0:0:0:0:0:0:0:1 - - [09/Apr/2015:18:34:16 +0900] "GET /images/50d70f13.checkbox.svg HTTP/1.1" 200 310
0:0:0:0:0:0:0:1 - - [09/Apr/2015:18:34:16 +0900] "GET /images/efb003a7.arrow.svg HTTP/1.1" 200 575
0:0:0:0:0:0:0:1 - - [09/Apr/2015:18:34:17 +0900] "GET /assets/world-countries.json HTTP/1.1" 200 256932
0:0:0:0:0:0:0:1 - - [09/Apr/2015:18:34:17 +0900] "GET /assets/lang/locale-en_US.json HTTP/1.1" 200 3757
0:0:0:0:0:0:0:1 - - [09/Apr/2015:18:34:17 +0900] "GET /images/d8ed1012.download_en.svg HTTP/1.1" 200 1493
0:0:0:0:0:0:0:1 - - [09/Apr/2015:18:34:22 +0900] "GET /allmarks HTTP/1.1" 200 3475
0:0:0:0:0:0:0:1 - - [09/Apr/2015:18:34:31 +0900] "POST /mark?country=South+Korea&lat=37.4837336&long=126.9510922&message=asdasdads HTTP/1.1" 200 125
0:0:0:0:0:0:0:1 - - [09/Apr/2015:18:34:41 +0900] "POST /mark?country=South+Korea&lat=37.4837336&long=126.9510922&message=asdasdads HTTP/1.1" 200 125
0:0:0:0:0:0:0:1 - - [09/Apr/2015:18:34:42 +0900] "POST /mark?country=South+Korea&lat=37.4837336&long=126.9510922&message=asdasdads HTTP/1.1" 200 125
0:0:0:0:0:0:0:1 - - [09/Apr/2015:18:34:42 +0900] "POST /mark?country=South+Korea&lat=37.4837336&long=126.9510922&message=asdasdads HTTP/1.1" 200 125
0:0:0:0:0:0:0:1 - - [09/Apr/2015:18:34:43 +0900] "POST /mark?country=South+Korea&lat=37.4837336&long=126.9510922&message=asdasdads HTTP/1.1" 200 125
0:0:0:0:0:0:0:1 - - [09/Apr/2015:18:34:43 +0900] "POST /mark?country=South+Korea&lat=37.4837336&long=126.9510922&message=asdasdads HTTP/1.1" 200 125
0:0:0:0:0:0:0:1 - - [09/Apr/2015:18:34:43 +0900] "POST /mark?country=South+Korea&lat=37.4837336&long=126.9510922&message=asdasdads HTTP/1.1" 200 125
0:0:0:0:0:0:0:1 - - [09/Apr/2015:18:34:43 +0900] "POST /mark?country=South+Korea&lat=37.4837336&long=126.9510922&message=asdasdads HTTP/1.1" 200 125
0:0:0:0:0:0:0:1 - - [09/Apr/2015:18:34:45 +0900] "GET /marksbycountry?country=South+Korea HTTP/1.1" 200 3679
0:0:0:0:0:0:0:1 - - [09/Apr/2015:18:35:50 +0900] "GET /styles/55a5a146.main.css HTTP/1.1" 304 -
0:0:0:0:0:0:0:1 - - [09/Apr/2015:18:35:50 +0900] "GET /styles/fd48d1e6.vendor.css HTTP/1.1" 304 -
0:0:0:0:0:0:0:1 - - [09/Apr/2015:18:36:21 +0900] "GET / HTTP/1.1" 200 14053
0:0:0:0:0:0:0:1 - - [09/Apr/2015:18:36:21 +0900] "GET /styles/fd48d1e6.vendor.css HTTP/1.1" 200 85107
0:0:0:0:0:0:0:1 - - [09/Apr/2015:18:36:21 +0900] "GET /styles/55a5a146.main.css HTTP/1.1" 200 110840
0:0:0:0:0:0:0:1 - - [09/Apr/2015:18:36:21 +0900] "GET /images/96aacb9c.se.svg HTTP/1.1" 200 186
0:0:0:0:0:0:0:1 - - [09/Apr/2015:18:36:21 +0900] "GET /scripts/f3c68c08.main.js HTTP/1.1" 200 5328
0:0:0:0:0:0:0:1 - - [09/Apr/2015:18:36:21 +0900] "GET /images/e13aa300.gb.svg HTTP/1.1" 200 487
0:0:0:0:0:0:0:1 - - [09/Apr/2015:18:36:21 +0900] "GET /images/d9dc2086.mimswell.png HTTP/1.1" 200 186276
0:0:0:0:0:0:0:1 - - [09/Apr/2015:18:36:21 +0900] "GET /images/9847c938.flyttfint.png HTTP/1.1" 200 202911
0:0:0:0:0:0:0:1 - - [09/Apr/2015:18:36:21 +0900] "GET /images/3fcd464b.backlogtool.png HTTP/1.1" 200 3705
0:0:0:0:0:0:0:1 - - [09/Apr/2015:18:36:21 +0900] "GET /scripts/c175292a.vendor.js HTTP/1.1" 200 743559
0:0:0:0:0:0:0:1 - - [09/Apr/2015:18:36:21 +0900] "GET /images/a817f6f5.speech.svg HTTP/1.1" 200 669
0:0:0:0:0:0:0:1 - - [09/Apr/2015:18:36:21 +0900] "GET /images/aecb252c.ruler.svg HTTP/1.1" 200 1899
0:0:0:0:0:0:0:1 - - [09/Apr/2015:18:36:21 +0900] "GET /images/ef48477c.jag.png HTTP/1.1" 200 711251
0:0:0:0:0:0:0:1 - - [09/Apr/2015:18:36:21 +0900] "GET /images/efb003a7.arrow.svg HTTP/1.1" 200 575
0:0:0:0:0:0:0:1 - - [09/Apr/2015:18:36:21 +0900] "GET /images/50d70f13.checkbox.svg HTTP/1.1" 200 310
0:0:0:0:0:0:0:1 - - [09/Apr/2015:18:36:21 +0900] "GET /bower_components/bootstrap-sass-official/assets/fonts/bootstrap/glyphicons-halflings-regular.woff HTTP/1.1" 200 23320
0:0:0:0:0:0:0:1 - - [09/Apr/2015:18:36:21 +0900] "GET /fonts/fontawesome-webfont.woff2?v=4.3.0 HTTP/1.1" 200 56780
0:0:0:0:0:0:0:1 - - [09/Apr/2015:18:36:22 +0900] "GET /assets/world-countries.json HTTP/1.1" 200 256932
0:0:0:0:0:0:0:1 - - [09/Apr/2015:18:36:22 +0900] "GET /assets/lang/locale-en_US.json HTTP/1.1" 200 3757
0:0:0:0:0:0:0:1 - - [09/Apr/2015:18:36:22 +0900] "GET /images/d8ed1012.download_en.svg HTTP/1.1" 200 1493
0:0:0:0:0:0:0:1 - - [09/Apr/2015:18:36:24 +0900] "GET /allmarks HTTP/1.1" 200 4396
0:0:0:0:0:0:0:1 - - [09/Apr/2015:18:36:31 +0900] "POST /mark?country=South+Korea&lat=37.4837421&long=126.9510839&message=asd+asd HTTP/1.1" 200 123
0:0:0:0:0:0:0:1 - - [09/Apr/2015:19:03:01 +0900] "GET / HTTP/1.1" 304 -
0:0:0:0:0:0:0:1 - - [09/Apr/2015:19:03:01 +0900] "GET /styles/fd48d1e6.vendor.css HTTP/1.1" 304 -
0:0:0:0:0:0:0:1 - - [09/Apr/2015:19:03:01 +0900] "GET /images/e13aa300.gb.svg HTTP/1.1" 304 -
0:0:0:0:0:0:0:1 - - [09/Apr/2015:19:03:02 +0900] "GET /images/96aacb9c.se.svg HTTP/1.1" 304 -
0:0:0:0:0:0:0:1 - - [09/Apr/2015:19:03:02 +0900] "GET /styles/55a5a146.main.css HTTP/1.1" 304 -
0:0:0:0:0:0:0:1 - - [09/Apr/2015:19:03:02 +0900] "GET /images/ef48477c.jag.png HTTP/1.1" 304 -
0:0:0:0:0:0:0:1 - - [09/Apr/2015:19:03:02 +0900] "GET /images/9847c938.flyttfint.png HTTP/1.1" 304 -
0:0:0:0:0:0:0:1 - - [09/Apr/2015:19:03:02 +0900] "GET /images/d9dc2086.mimswell.png HTTP/1.1" 304 -
0:0:0:0:0:0:0:1 - - [09/Apr/2015:19:03:02 +0900] "GET /images/3fcd464b.backlogtool.png HTTP/1.1" 304 -
0:0:0:0:0:0:0:1 - - [09/Apr/2015:19:03:02 +0900] "GET /images/a817f6f5.speech.svg HTTP/1.1" 304 -
0:0:0:0:0:0:0:1 - - [09/Apr/2015:19:03:02 +0900] "GET /images/aecb252c.ruler.svg HTTP/1.1" 304 -
0:0:0:0:0:0:0:1 - - [09/Apr/2015:19:03:02 +0900] "GET /images/efb003a7.arrow.svg HTTP/1.1" 304 -
0:0:0:0:0:0:0:1 - - [09/Apr/2015:19:03:02 +0900] "GET /images/50d70f13.checkbox.svg HTTP/1.1" 304 -
0:0:0:0:0:0:0:1 - - [09/Apr/2015:19:03:02 +0900] "GET /scripts/c175292a.vendor.js HTTP/1.1" 304 -
0:0:0:0:0:0:0:1 - - [09/Apr/2015:19:03:02 +0900] "GET /scripts/f3c68c08.main.js HTTP/1.1" 304 -
0:0:0:0:0:0:0:1 - - [09/Apr/2015:19:03:02 +0900] "GET / HTTP/1.1" 200 14053
0:0:0:0:0:0:0:1 - - [09/Apr/2015:19:03:02 +0900] "GET /styles/fd48d1e6.vendor.css HTTP/1.1" 200 85107
0:0:0:0:0:0:0:1 - - [09/Apr/2015:19:03:02 +0900] "GET /images/96aacb9c.se.svg HTTP/1.1" 200 186
0:0:0:0:0:0:0:1 - - [09/Apr/2015:19:03:02 +0900] "GET /styles/55a5a146.main.css HTTP/1.1" 200 110840
0:0:0:0:0:0:0:1 - - [09/Apr/2015:19:03:02 +0900] "GET /scripts/f3c68c08.main.js HTTP/1.1" 200 5328
0:0:0:0:0:0:0:1 - - [09/Apr/2015:19:03:02 +0900] "GET /images/e13aa300.gb.svg HTTP/1.1" 200 487
0:0:0:0:0:0:0:1 - - [09/Apr/2015:19:03:02 +0900] "GET /images/d9dc2086.mimswell.png HTTP/1.1" 200 186276
0:0:0:0:0:0:0:1 - - [09/Apr/2015:19:03:02 +0900] "GET /images/9847c938.flyttfint.png HTTP/1.1" 200 202911
0:0:0:0:0:0:0:1 - - [09/Apr/2015:19:03:02 +0900] "GET /images/3fcd464b.backlogtool.png HTTP/1.1" 200 3705
0:0:0:0:0:0:0:1 - - [09/Apr/2015:19:03:02 +0900] "GET /scripts/c175292a.vendor.js HTTP/1.1" 200 743559
0:0:0:0:0:0:0:1 - - [09/Apr/2015:19:03:02 +0900] "GET /images/a817f6f5.speech.svg HTTP/1.1" 200 669
0:0:0:0:0:0:0:1 - - [09/Apr/2015:19:03:02 +0900] "GET /images/aecb252c.ruler.svg HTTP/1.1" 200 1899
0:0:0:0:0:0:0:1 - - [09/Apr/2015:19:03:02 +0900] "GET /images/efb003a7.arrow.svg HTTP/1.1" 200 575
0:0:0:0:0:0:0:1 - - [09/Apr/2015:19:03:02 +0900] "GET /images/50d70f13.checkbox.svg HTTP/1.1" 200 310
0:0:0:0:0:0:0:1 - - [09/Apr/2015:19:03:02 +0900] "GET /images/ef48477c.jag.png HTTP/1.1" 200 711251
0:0:0:0:0:0:0:1 - - [09/Apr/2015:19:03:03 +0900] "GET /fonts/fontawesome-webfont.woff2?v=4.3.0 HTTP/1.1" 200 56780
0:0:0:0:0:0:0:1 - - [09/Apr/2015:19:03:03 +0900] "GET /bower_components/bootstrap-sass-official/assets/fonts/bootstrap/glyphicons-halflings-regular.woff HTTP/1.1" 200 23320
0:0:0:0:0:0:0:1 - - [09/Apr/2015:19:03:03 +0900] "GET /assets/world-countries.json HTTP/1.1" 200 256932
0:0:0:0:0:0:0:1 - - [09/Apr/2015:19:03:03 +0900] "GET /assets/lang/locale-en_US.json HTTP/1.1" 200 3757
0:0:0:0:0:0:0:1 - - [09/Apr/2015:19:03:03 +0900] "GET /images/d8ed1012.download_en.svg HTTP/1.1" 200 1493
0:0:0:0:0:0:0:1 - - [09/Apr/2015:19:04:16 +0900] "GET / HTTP/1.1" 200 14032
0:0:0:0:0:0:0:1 - - [09/Apr/2015:19:04:16 +0900] "GET /styles/e291f7a8.main.css HTTP/1.1" 200 110871
0:0:0:0:0:0:0:1 - - [09/Apr/2015:19:04:16 +0900] "GET /scripts/3beab13b.main.js HTTP/1.1" 200 5076
0:0:0:0:0:0:0:1 - - [09/Apr/2015:19:04:19 +0900] "GET /allmarks HTTP/1.1" 200 4509
0:0:0:0:0:0:0:1 - - [09/Apr/2015:19:04:26 +0900] "POST /mark?country=South+Korea&lat=37.4837555&long=126.95109649999999&message=HEjsnannn HTTP/1.1" 200 132
0:0:0:0:0:0:0:1 - - [09/Apr/2015:19:04:26 +0900] "GET /marksbycountry?country=South+Korea HTTP/1.1" 200 3914
0:0:0:0:0:0:0:1 - - [09/Apr/2015:19:04:36 +0900] "GET / HTTP/1.1" 304 -
0:0:0:0:0:0:0:1 - - [09/Apr/2015:19:04:36 +0900] "GET /styles/e291f7a8.main.css HTTP/1.1" 304 -
0:0:0:0:0:0:0:1 - - [09/Apr/2015:19:04:36 +0900] "GET /scripts/3beab13b.main.js HTTP/1.1" 304 -
0:0:0:0:0:0:0:1 - - [09/Apr/2015:19:04:39 +0900] "GET /allmarks HTTP/1.1" 200 4631
0:0:0:0:0:0:0:1 - - [09/Apr/2015:19:04:50 +0900] "POST /mark?country=South+Korea&lat=37.4837346&long=126.95109029999999&message=testing+testingarsss HTTP/1.1" 200 143
0:0:0:0:0:0:0:1 - - [09/Apr/2015:19:04:50 +0900] "GET /marksbycountry?country=South+Korea HTTP/1.1" 200 4047
0:0:0:0:0:0:0:1 - - [09/Apr/2015:19:04:56 +0900] "GET /marksbycountry?country=United+States HTTP/1.1" 200 194
0:0:0:0:0:0:0:1 - - [09/Apr/2015:19:04:58 +0900] "GET /marksbycountry?country=Russia HTTP/1.1" 200 243
0:0:0:0:0:0:0:1 - - [09/Apr/2015:19:05:00 +0900] "GET /marksbycountry?country=South+Korea HTTP/1.1" 200 4047
0:0:0:0:0:0:0:1 - - [09/Apr/2015:19:05:10 +0900] "GET / HTTP/1.1" 304 -
0:0:0:0:0:0:0:1 - - [09/Apr/2015:19:05:10 +0900] "GET /styles/e291f7a8.main.css HTTP/1.1" 304 -
0:0:0:0:0:0:0:1 - - [09/Apr/2015:19:05:10 +0900] "GET /scripts/3beab13b.main.js HTTP/1.1" 304 -
0:0:0:0:0:0:0:1 - - [09/Apr/2015:19:05:12 +0900] "GET /allmarks HTTP/1.1" 200 4764
